<?xml version="1.0" encoding="UTF-8"?>
<testng-results ignored="0" total="3" passed="3" failed="0" skipped="0">
  <reporter-output>
  </reporter-output>
  <suite started-at="2026-07-16T09:20:59 IST" name="Suite" finished-at="2026-07-16T09:21:09 IST" duration-ms="9612">
    <groups>
    </groups>
    <test started-at="2026-07-16T09:20:59 IST" name="Test1" finished-at="2026-07-16T09:21:04 IST" duration-ms="5080">
      <class name="crossbrowser.CrossBrowserTest">
        <test-method signature="test(java.lang.String)[pri:0, instance:crossbrowser.CrossBrowserTest@385c9627]" started-at="2026-07-16T09:20:59 IST" name="test" finished-at="2026-07-16T09:21:04 IST" duration-ms="5033" status="PASS">
          <params>
            <param index="0">
              <value>
                <![CDATA[chrome]]>
              </value>
            </param>
          </params>
          <reporter-output>
          </reporter-output>
        </test-method> <!-- test -->
      </class> <!-- crossbrowser.CrossBrowserTest -->
    </test> <!-- Test1 -->
    <test started-at="2026-07-16T09:21:04 IST" name="Test2" finished-at="2026-07-16T09:21:09 IST" duration-ms="4414">
      <class name="crossbrowser.CrossBrowserTest">
        <test-method signature="test(java.lang.String)[pri:0, instance:crossbrowser.CrossBrowserTest@1e66f1f5]" started-at="2026-07-16T09:21:04 IST" name="test" finished-at="2026-07-16T09:21:09 IST" duration-ms="4408" status="PASS">
          <params>
            <param index="0">
              <value>
                <![CDATA[ff]]>
              </value>
            </param>
          </params>
          <reporter-output>
          </reporter-output>
        </test-method> <!-- test -->
      </class> <!-- crossbrowser.CrossBrowserTest -->
    </test> <!-- Test2 -->
    <test started-at="2026-07-16T09:21:09 IST" name="Test3" finished-at="2026-07-16T09:21:09 IST" duration-ms="7">
      <class name="crossbrowser.CrossBrowserTest">
        <test-method signature="test(java.lang.String)[pri:0, instance:crossbrowser.CrossBrowserTest@7530ad9c]" started-at="2026-07-16T09:21:09 IST" name="test" finished-at="2026-07-16T09:21:09 IST" duration-ms="2" status="PASS">
          <params>
            <param index="0">
              <value>
                <![CDATA[edge]]>
              </value>
            </param>
          </params>
          <reporter-output>
          </reporter-output>
        </test-method> <!-- test -->
      </class> <!-- crossbrowser.CrossBrowserTest -->
    </test> <!-- Test3 -->
  </suite> <!-- Suite -->
</testng-results>
