<?xml version="1.0" encoding="UTF-8"?>
<!-- Generated by org.testng.reporters.JUnitXMLReporter -->
<testsuite ignored="3" hostname="DESKTOP-ID316MU" failures="0" tests="1" name="Default test" time="0.093" errors="0" timestamp="2026-07-14T09:17:10 IST">
  <testcase classname="ecomm.Payment" name="Net" time="0.019"/>
  <testcase classname="ecomm.Payment" name="UPI" time="0.0">
    <ignored/>
  </testcase> <!-- UPI -->
  <testcase classname="ecomm.Payment" name="CC" time="0.0">
    <ignored/>
  </testcase> <!-- CC -->
  <testcase classname="ecomm.Payment" name="DC" time="0.0">
    <ignored/>
  </testcase> <!-- DC -->
</testsuite> <!-- Default test -->
