<?xml version="1.0" encoding="UTF-8"?>
<!-- Generated by org.testng.reporters.JUnitXMLReporter -->
<testsuite ignored="0" hostname="DESKTOP-ID316MU" failures="1" tests="1" name="Test" time="9.541" errors="0" timestamp="2026-07-14T09:41:24 IST">
  <testcase classname="listeners.FBTest" name="login" time="9.274">
    <failure type="java.lang.AssertionError" message="expected [true] but found [false]">
      <![CDATA[java.lang.AssertionError: expected [true] but found [false]
at listeners.FBTest.login(FBTest.java:25)
at java.base/java.util.ArrayList.forEach(ArrayList.java:1597)
... Removed 29 stack frames]]>
    </failure>
  </testcase> <!-- login -->
</testsuite> <!-- Test -->
