<?xml version="1.0" encoding="UTF-8"?>
<!-- Generated by org.testng.reporters.JUnitReportReporter -->
<testsuite hostname="DESKTOP-ID316MU" failures="0" tests="6" name="ecomm.Seller" time="0.009" errors="0" timestamp="2026-07-14T09:17:17 IST" skipped="0">
  <testcase classname="ecomm.Seller" name="createAccount" time="0.002"/>
  <testcase classname="ecomm.Seller" name="login" time="0.002"/>
  <testcase classname="ecomm.Seller" name="profilemanage" time="0.001"/>
  <testcase classname="ecomm.Seller" name="changePassword" time="0.001"/>
  <testcase classname="ecomm.Seller" name="logout" time="0.001"/>
  <testcase classname="ecomm.Seller" name="forgotPassword" time="0.002"/>
</testsuite> <!-- ecomm.Seller -->
