<?xml version="1.0" encoding="UTF-8"?>
<!-- Generated by org.testng.reporters.JUnitReportReporter -->
<testsuite hostname="DESKTOP-ID316MU" failures="0" tests="4" name="dataProvider.Parameterize_DataProvider" time="24.052" errors="0" timestamp="2026-07-16T09:06:37 IST" skipped="0">
  <testcase classname="dataProvider.Parameterize_DataProvider" name="login" time="5.981"/>
  <testcase classname="dataProvider.Parameterize_DataProvider" name="login" time="6.688"/>
  <testcase classname="dataProvider.Parameterize_DataProvider" name="login" time="5.640"/>
  <testcase classname="dataProvider.Parameterize_DataProvider" name="login" time="5.743"/>
</testsuite> <!-- dataProvider.Parameterize_DataProvider -->
