<?xml version="1.0" encoding="UTF-8"?>
<!-- Generated by org.testng.reporters.JUnitReportReporter -->
<testsuite hostname="DESKTOP-ID316MU" failures="0" tests="3" name="com.testng.P01_First" time="0.009" errors="0" timestamp="2026-07-11T09:05:45 IST" skipped="1">
  <testcase classname="com.testng.P01_First" name="test1" time="0.008"/>
  <testcase classname="com.testng.P01_First" name="test2" time="0.001"/>
  <testcase classname="com.testng.P01_First" name="test3">
    <skipped/>
  </testcase> <!-- test3 -->
</testsuite> <!-- com.testng.P01_First -->
