<?xml version="1.0" encoding="UTF-8"?>
<!-- Generated by org.testng.reporters.JUnitReportReporter -->
<testsuite hostname="DESKTOP-ID316MU" failures="0" tests="3" name="ecomm.SellerProduct" time="0.006" errors="0" timestamp="2026-07-14T09:17:17 IST" skipped="0">
  <testcase classname="ecomm.SellerProduct" name="manageProduct" time="0.004"/>
  <testcase classname="ecomm.SellerProduct" name="uploadProduct" time="0.001"/>
  <testcase classname="ecomm.SellerProduct" name="removeProduct" time="0.001"/>
</testsuite> <!-- ecomm.SellerProduct -->
