<?xml version="1.0" encoding="UTF-8"?>
<!-- Generated by org.testng.reporters.JUnitReportReporter -->
<testsuite hostname="DESKTOP-ID316MU" failures="0" tests="3" name="crossbrowser.CrossBrowserTest" time="9.443" errors="0" timestamp="2026-07-16T09:21:09 IST" skipped="0">
  <testcase classname="crossbrowser.CrossBrowserTest" name="test" time="0.002"/>
  <testcase classname="crossbrowser.CrossBrowserTest" name="test" time="4.408"/>
  <testcase classname="crossbrowser.CrossBrowserTest" name="test" time="5.033"/>
</testsuite> <!-- crossbrowser.CrossBrowserTest -->
