<?xml version="1.0" encoding="UTF-8"?>
<!-- Generated by org.testng.reporters.JUnitReportReporter -->
<testsuite hostname="DESKTOP-ID316MU" failures="0" tests="3" name="com.testng.P04_Exception" time="0.014" errors="0" timestamp="2026-07-11T09:18:22 IST" skipped="0">
  <testcase classname="com.testng.P04_Exception" name="test1" time="0.010"/>
  <testcase classname="com.testng.P04_Exception" name="test3" time="0.002"/>
  <testcase classname="com.testng.P04_Exception" name="test2" time="0.002"/>
</testsuite> <!-- com.testng.P04_Exception -->
