<?xml version="1.0" encoding="UTF-8"?>
<!-- Generated by org.testng.reporters.JUnitReportReporter -->
<testsuite hostname="DESKTOP-ID316MU" failures="0" tests="6" name="com.testng.P02_Priority" time="0.018" errors="0" timestamp="2026-07-11T09:12:35 IST" skipped="0">
  <testcase classname="com.testng.P02_Priority" name="createAccount" time="0.012"/>
  <testcase classname="com.testng.P02_Priority" name="login" time="0.001"/>
  <testcase classname="com.testng.P02_Priority" name="profilemanage" time="0.001"/>
  <testcase classname="com.testng.P02_Priority" name="changePassword" time="0.002"/>
  <testcase classname="com.testng.P02_Priority" name="logout" time="0.002"/>
  <testcase classname="com.testng.P02_Priority" name="forgotPassword" time="0.000"/>
</testsuite> <!-- com.testng.P02_Priority -->
